<?xml version="1.0" encoding="UTF-8" ?>
<testsuite failures="0" time="0.003" errors="0" skipped="0" tests="1" name="net.sourceforge.cilib.measurement.single.dynamic.FitnessMeasurementTest">
  <properties>
    <property name="java.runtime.name" value="Java(TM) SE Runtime Environment"/>
    <property name="sun.boot.library.path" value="C:\Program Files\Java\jdk1.6.0_25\jre\bin"/>
    <property name="java.vm.version" value="20.0-b11"/>
    <property name="java.vm.vendor" value="Sun Microsystems Inc."/>
    <property name="java.vendor.url" value="http://java.sun.com/"/>
    <property name="path.separator" value=";"/>
    <property name="java.vm.name" value="Java HotSpot(TM) Client VM"/>
    <property name="file.encoding.pkg" value="sun.io"/>
    <property name="user.country" value="GB"/>
    <property name="sun.java.launcher" value="SUN_STANDARD"/>
    <property name="sun.os.patch.level" value="Service Pack 1"/>
    <property name="java.vm.specification.name" value="Java Virtual Machine Specification"/>
    <property name="user.dir" value="C:\Users\Kristina\Work\cilib"/>
    <property name="java.runtime.version" value="1.6.0_25-b06"/>
    <property name="java.awt.graphicsenv" value="sun.awt.Win32GraphicsEnvironment"/>
    <property name="basedir" value="C:\Users\Kristina\Work\cilib"/>
    <property name="java.endorsed.dirs" value="C:\Program Files\Java\jdk1.6.0_25\jre\lib\endorsed"/>
    <property name="os.arch" value="x86"/>
    <property name="surefire.real.class.path" value="C:\Users\Kristina\AppData\Local\Temp\surefirebooter6968536862509914141.jar"/>
    <property name="java.io.tmpdir" value="C:\Users\Kristina\AppData\Local\Temp\"/>
    <property name="line.separator" value="
"/>
    <property name="java.vm.specification.vendor" value="Sun Microsystems Inc."/>
    <property name="user.variant" value=""/>
    <property name="os.name" value="Windows 7"/>
    <property name="sun.jnu.encoding" value="Cp1252"/>
    <property name="java.library.path" value="C:\Program Files\Java\jdk1.6.0_25\jre\bin;.;C:\Windows\Sun\Java\bin;C:\Windows\system32;C:\Windows;C:\Program Files\Java\jdk1.6.0_25;C:\Program Files\Apache\apache-maven-3.0.3\bin;C:\Program Files\Git\bin"/>
    <property name="surefire.test.class.path" value="C:\Users\Kristina\Work\cilib\target\test-classes;C:\Users\Kristina\Work\cilib\target\classes;C:\Users\Kristina\.m2\repository\junit\junit\4.8.1\junit-4.8.1.jar;C:\Users\Kristina\.m2\repository\org\jmock\jmock-junit4\2.5.0\jmock-junit4-2.5.0.jar;C:\Users\Kristina\.m2\repository\org\jmock\jmock\2.5.0\jmock-2.5.0.jar;C:\Users\Kristina\.m2\repository\org\hamcrest\hamcrest-core\1.1\hamcrest-core-1.1.jar;C:\Users\Kristina\.m2\repository\org\hamcrest\hamcrest-library\1.1\hamcrest-library-1.1.jar;C:\Users\Kristina\.m2\repository\junit\junit-dep\4.4\junit-dep-4.4.jar;C:\Users\Kristina\.m2\repository\org\mockito\mockito-all\1.8.4\mockito-all-1.8.4.jar;C:\Users\Kristina\.m2\repository\org\jmock\jmock-legacy\2.5.0\jmock-legacy-2.5.0.jar;C:\Users\Kristina\.m2\repository\org\objenesis\objenesis\1.0\objenesis-1.0.jar;C:\Users\Kristina\.m2\repository\cglib\cglib-nodep\2.1_3\cglib-nodep-2.1_3.jar;C:\Users\Kristina\.m2\repository\com\google\collections\google-collections\1.0\google-collections-1.0.jar;C:\Users\Kristina\.m2\repository\com\google\inject\guice\2.0\guice-2.0.jar;C:\Users\Kristina\.m2\repository\aopalliance\aopalliance\1.0\aopalliance-1.0.jar;C:\Users\Kristina\.m2\repository\org\parboiled\parboiled-core\0.11.0\parboiled-core-0.11.0.jar;C:\Users\Kristina\.m2\repository\org\parboiled\parboiled-java\0.11.0\parboiled-java-0.11.0.jar;C:\Users\Kristina\.m2\repository\asm\asm-tree\3.3.1\asm-tree-3.3.1.jar;C:\Users\Kristina\.m2\repository\asm\asm-analysis\3.3.1\asm-analysis-3.3.1.jar;C:\Users\Kristina\.m2\repository\asm\asm-util\3.3.1\asm-util-3.3.1.jar;C:\Users\Kristina\.m2\repository\asm\asm\3.3.1\asm-3.3.1.jar;"/>
    <property name="java.specification.name" value="Java Platform API Specification"/>
    <property name="java.class.version" value="50.0"/>
    <property name="sun.management.compiler" value="HotSpot Client Compiler"/>
    <property name="os.version" value="6.1"/>
    <property name="user.home" value="C:\Users\Kristina"/>
    <property name="user.timezone" value=""/>
    <property name="java.awt.printerjob" value="sun.awt.windows.WPrinterJob"/>
    <property name="java.specification.version" value="1.6"/>
    <property name="file.encoding" value="Cp1252"/>
    <property name="user.name" value="Kristina"/>
    <property name="java.class.path" value="C:\Users\Kristina\Work\cilib\target\test-classes;C:\Users\Kristina\Work\cilib\target\classes;C:\Users\Kristina\.m2\repository\junit\junit\4.8.1\junit-4.8.1.jar;C:\Users\Kristina\.m2\repository\org\jmock\jmock-junit4\2.5.0\jmock-junit4-2.5.0.jar;C:\Users\Kristina\.m2\repository\org\jmock\jmock\2.5.0\jmock-2.5.0.jar;C:\Users\Kristina\.m2\repository\org\hamcrest\hamcrest-core\1.1\hamcrest-core-1.1.jar;C:\Users\Kristina\.m2\repository\org\hamcrest\hamcrest-library\1.1\hamcrest-library-1.1.jar;C:\Users\Kristina\.m2\repository\junit\junit-dep\4.4\junit-dep-4.4.jar;C:\Users\Kristina\.m2\repository\org\mockito\mockito-all\1.8.4\mockito-all-1.8.4.jar;C:\Users\Kristina\.m2\repository\org\jmock\jmock-legacy\2.5.0\jmock-legacy-2.5.0.jar;C:\Users\Kristina\.m2\repository\org\objenesis\objenesis\1.0\objenesis-1.0.jar;C:\Users\Kristina\.m2\repository\cglib\cglib-nodep\2.1_3\cglib-nodep-2.1_3.jar;C:\Users\Kristina\.m2\repository\com\google\collections\google-collections\1.0\google-collections-1.0.jar;C:\Users\Kristina\.m2\repository\com\google\inject\guice\2.0\guice-2.0.jar;C:\Users\Kristina\.m2\repository\aopalliance\aopalliance\1.0\aopalliance-1.0.jar;C:\Users\Kristina\.m2\repository\org\parboiled\parboiled-core\0.11.0\parboiled-core-0.11.0.jar;C:\Users\Kristina\.m2\repository\org\parboiled\parboiled-java\0.11.0\parboiled-java-0.11.0.jar;C:\Users\Kristina\.m2\repository\asm\asm-tree\3.3.1\asm-tree-3.3.1.jar;C:\Users\Kristina\.m2\repository\asm\asm-analysis\3.3.1\asm-analysis-3.3.1.jar;C:\Users\Kristina\.m2\repository\asm\asm-util\3.3.1\asm-util-3.3.1.jar;C:\Users\Kristina\.m2\repository\asm\asm\3.3.1\asm-3.3.1.jar;"/>
    <property name="java.vm.specification.version" value="1.0"/>
    <property name="sun.arch.data.model" value="32"/>
    <property name="java.home" value="C:\Program Files\Java\jdk1.6.0_25\jre"/>
    <property name="sun.java.command" value="C:\Users\Kristina\AppData\Local\Temp\surefirebooter6968536862509914141.jar C:\Users\Kristina\AppData\Local\Temp\surefire1392108481704785986tmp C:\Users\Kristina\AppData\Local\Temp\surefire528287114982548320tmp"/>
    <property name="java.specification.vendor" value="Sun Microsystems Inc."/>
    <property name="user.language" value="en"/>
    <property name="awt.toolkit" value="sun.awt.windows.WToolkit"/>
    <property name="java.vm.info" value="mixed mode, sharing"/>
    <property name="java.version" value="1.6.0_25"/>
    <property name="java.ext.dirs" value="C:\Program Files\Java\jdk1.6.0_25\jre\lib\ext;C:\Windows\Sun\Java\lib\ext"/>
    <property name="sun.boot.class.path" value="C:\Program Files\Java\jdk1.6.0_25\jre\lib\resources.jar;C:\Program Files\Java\jdk1.6.0_25\jre\lib\rt.jar;C:\Program Files\Java\jdk1.6.0_25\jre\lib\sunrsasign.jar;C:\Program Files\Java\jdk1.6.0_25\jre\lib\jsse.jar;C:\Program Files\Java\jdk1.6.0_25\jre\lib\jce.jar;C:\Program Files\Java\jdk1.6.0_25\jre\lib\charsets.jar;C:\Program Files\Java\jdk1.6.0_25\jre\lib\modules\jdk.boot.jar;C:\Program Files\Java\jdk1.6.0_25\jre\classes"/>
    <property name="java.vendor" value="Sun Microsystems Inc."/>
    <property name="localRepository" value="C:\Users\Kristina\.m2\repository"/>
    <property name="file.separator" value="\"/>
    <property name="java.vendor.url.bug" value="http://java.sun.com/cgi-bin/bugreport.cgi"/>
    <property name="sun.cpu.endian" value="little"/>
    <property name="sun.io.unicode.encoding" value="UnicodeLittle"/>
    <property name="sun.desktop" value="windows"/>
    <property name="sun.cpu.isalist" value="pentium_pro+mmx pentium_pro pentium+mmx pentium i486 i386 i86"/>
  </properties>
  <testcase time="0.002" classname="net.sourceforge.cilib.measurement.single.dynamic.FitnessMeasurementTest" name="results"/>
</testsuite>